<?xml version="1.0" encoding="UTF-8"?>
<testsuite xmlns:xsi="http://www.w3.org/2001/XMLSchema-instance" xsi:noNamespaceSchemaLocation="https://maven.apache.org/surefire/maven-surefire-plugin/xsd/surefire-test-report-3.0.xsd" version="3.0" name="com.ticket.management.service.TicketServiceTest" time="4.666" tests="4" errors="0" skipped="0" failures="0">
  <properties>
[...]
</properties>
  <testcase name="testGetTicketById" classname="com.ticket.management.service.TicketServiceTest" time="0.049">
    <system-out><![CDATA[2025-11-17T14:41:51.378+05:30  INFO 14480 --- [           main] t.c.s.AnnotationConfigContextLoaderUtils : Could not detect default configuration classes for test class [com.ticket.management.service.TicketServiceTest]: TicketServiceTest does not declare any static, non-private, non-final, nested classes annotated with @Configuration.
2025-11-17T14:41:51.477+05:30  INFO 14480 --- [           main] .b.t.c.SpringBootTestContextBootstrapper : Found @SpringBootConfiguration com.ticket.management.TicketManagementApplication for test class com.ticket.management.service.TicketServiceTest

  .   ____          _            __ _ _
 /\\ / ___'_ __ _ _(_)_ __  __ _ \ \ \ \
( ( )\___ | '_ | '_| | '_ \/ _` | \ \ \ \
 \\/  ___)| |_)| | | | | || (_| |  ) ) ) )
  '  |____| .__|_| |_|_| |_\__, | / / / /
 =========|_|==============|___/=/_/_/_/
 :: Spring Boot ::                (v3.1.0)

2025-11-17T14:41:51.619+05:30  INFO 14480 --- [           main] c.t.m.service.TicketServiceTest          : Starting TicketServiceTest using Java 17.0.12 with PID 14480 (started by REBOOT in C:\Users\REBOOT\Downloads\SpringBoot\ticket-management)
2025-11-17T14:41:51.620+05:30  INFO 14480 --- [           main] c.t.m.service.TicketServiceTest          : No active profile set, falling back to 1 default profile: "default"
2025-11-17T14:41:52.188+05:30  INFO 14480 --- [           main] .s.d.r.c.RepositoryConfigurationDelegate : Bootstrapping Spring Data JPA repositories in DEFAULT mode.
2025-11-17T14:41:52.261+05:30  INFO 14480 --- [           main] .s.d.r.c.RepositoryConfigurationDelegate : Finished Spring Data repository scanning in 63 ms. Found 4 JPA repository interfaces.
2025-11-17T14:41:52.974+05:30  INFO 14480 --- [           main] o.hibernate.jpa.internal.util.LogHelper  : HHH000204: Processing PersistenceUnitInfo [name: default]
2025-11-17T14:41:53.124+05:30  INFO 14480 --- [           main] org.hibernate.Version                    : HHH000412: Hibernate ORM core version 6.2.2.Final
2025-11-17T14:41:53.131+05:30  INFO 14480 --- [           main] org.hibernate.cfg.Environment            : HHH000406: Using bytecode reflection optimizer
2025-11-17T14:41:53.511+05:30  INFO 14480 --- [           main] o.h.b.i.BytecodeProviderInitiator        : HHH000021: Bytecode provider name : bytebuddy
2025-11-17T14:41:53.545+05:30  INFO 14480 --- [           main] o.s.o.j.p.SpringPersistenceUnitInfo      : No LoadTimeWeaver setup: ignoring JPA class transformer
2025-11-17T14:41:53.599+05:30  INFO 14480 --- [           main] com.zaxxer.hikari.HikariDataSource       : HikariPool-1 - Starting...
2025-11-17T14:41:54.065+05:30  INFO 14480 --- [           main] com.zaxxer.hikari.pool.HikariPool        : HikariPool-1 - Added connection conn0: url=jdbc:h2:mem:testdb user=SA
2025-11-17T14:41:54.069+05:30  INFO 14480 --- [           main] com.zaxxer.hikari.HikariDataSource       : HikariPool-1 - Start completed.
2025-11-17T14:41:54.109+05:30  INFO 14480 --- [           main] org.hibernate.orm.dialect                : HHH035001: Using dialect: org.hibernate.dialect.H2Dialect, version: 2.1.214
2025-11-17T14:41:54.525+05:30  INFO 14480 --- [           main] o.h.b.i.BytecodeProviderInitiator        : HHH000021: Bytecode provider name : bytebuddy
2025-11-17T14:41:55.198+05:30  INFO 14480 --- [           main] o.h.e.t.j.p.i.JtaPlatformInitiator       : HHH000490: Using JtaPlatform implementation: [org.hibernate.engine.transaction.jta.platform.internal.NoJtaPlatform]
2025-11-17T14:41:55.282+05:30  INFO 14480 --- [           main] j.LocalContainerEntityManagerFactoryBean : Initialized JPA EntityManagerFactory for persistence unit 'default'
2025-11-17T14:41:55.544+05:30  WARN 14480 --- [           main] JpaBaseConfiguration$JpaWebConfiguration : spring.jpa.open-in-view is enabled by default. Therefore, database queries may be performed during view rendering. Explicitly configure spring.jpa.open-in-view to disable this warning
2025-11-17T14:41:55.659+05:30  INFO 14480 --- [           main] o.s.b.a.w.s.WelcomePageHandlerMapping    : Adding welcome page template: index
2025-11-17T14:41:55.837+05:30  INFO 14480 --- [           main] o.s.b.a.h2.H2ConsoleAutoConfiguration    : H2 console available at '/h2-console'. Database available at 'jdbc:h2:mem:testdb'
2025-11-17T14:41:55.914+05:30  INFO 14480 --- [           main] c.t.m.service.TicketServiceTest          : Started TicketServiceTest in 4.403 seconds (process running for 15.153)
]]></system-out>
  </testcase>
  <testcase name="testDeleteTicket" classname="com.ticket.management.service.TicketServiceTest" time="0.013"/>
  <testcase name="testSaveTicket" classname="com.ticket.management.service.TicketServiceTest" time="0.027"/>
  <testcase name="testGetAllTickets" classname="com.ticket.management.service.TicketServiceTest" time="0.006"/>
</testsuite>